2019-06-21 10:25:07 INFO  c.d.r.RoleBasedOauth2Application - Starting RoleBasedOauth2Application on edwin with PID 17937 (/home/edwin/eclipse-workspace/gsuitemanagementportal/role-based-oauth2-master/target/classes started by edwin in /home/edwin/eclipse-workspace/gsuitemanagementportal/role-based-oauth2-master)
2019-06-21 10:25:07 INFO  c.d.r.RoleBasedOauth2Application - No active profile set, falling back to default profiles: default
2019-06-21 10:25:08 INFO  o.s.d.r.c.RepositoryConfigurationDelegate - Bootstrapping Spring Data repositories in DEFAULT mode.
2019-06-21 10:25:08 INFO  o.s.d.r.c.RepositoryConfigurationDelegate - Finished Spring Data repository scanning in 95ms. Found 2 repository interfaces.
2019-06-21 10:25:09 INFO  o.s.c.s.PostProcessorRegistrationDelegate$BeanPostProcessorChecker - Bean 'org.springframework.transaction.annotation.ProxyTransactionManagementConfiguration' of type [org.springframework.transaction.annotation.ProxyTransactionManagementConfiguration$$EnhancerBySpringCGLIB$$4d4a9d41] is not eligible for getting processed by all BeanPostProcessors (for example: not eligible for auto-proxying)
2019-06-21 10:25:09 INFO  o.s.c.s.PostProcessorRegistrationDelegate$BeanPostProcessorChecker - Bean 'org.springframework.security.config.annotation.configuration.ObjectPostProcessorConfiguration' of type [org.springframework.security.config.annotation.configuration.ObjectPostProcessorConfiguration$$EnhancerBySpringCGLIB$$e5f8657b] is not eligible for getting processed by all BeanPostProcessors (for example: not eligible for auto-proxying)
2019-06-21 10:25:09 INFO  o.s.c.s.PostProcessorRegistrationDelegate$BeanPostProcessorChecker - Bean 'objectPostProcessor' of type [org.springframework.security.config.annotation.configuration.AutowireBeanFactoryObjectPostProcessor] is not eligible for getting processed by all BeanPostProcessors (for example: not eligible for auto-proxying)
2019-06-21 10:25:09 INFO  o.s.c.s.PostProcessorRegistrationDelegate$BeanPostProcessorChecker - Bean 'org.springframework.security.access.expression.method.DefaultMethodSecurityExpressionHandler@4f7c0be3' of type [org.springframework.security.access.expression.method.DefaultMethodSecurityExpressionHandler] is not eligible for getting processed by all BeanPostProcessors (for example: not eligible for auto-proxying)
2019-06-21 10:25:09 INFO  o.s.c.s.PostProcessorRegistrationDelegate$BeanPostProcessorChecker - Bean 'org.springframework.security.config.annotation.method.configuration.GlobalMethodSecurityConfiguration' of type [org.springframework.security.config.annotation.method.configuration.GlobalMethodSecurityConfiguration$$EnhancerBySpringCGLIB$$acd082d] is not eligible for getting processed by all BeanPostProcessors (for example: not eligible for auto-proxying)
2019-06-21 10:25:09 INFO  o.s.c.s.PostProcessorRegistrationDelegate$BeanPostProcessorChecker - Bean 'methodSecurityMetadataSource' of type [org.springframework.security.access.method.DelegatingMethodSecurityMetadataSource] is not eligible for getting processed by all BeanPostProcessors (for example: not eligible for auto-proxying)
2019-06-21 10:25:09 INFO  o.s.b.w.e.tomcat.TomcatWebServer - Tomcat initialized with port(s): 8080 (http)
2019-06-21 10:25:09 INFO  o.a.coyote.http11.Http11NioProtocol - Initializing ProtocolHandler ["http-nio-8080"]
2019-06-21 10:25:10 INFO  o.a.catalina.core.StandardService - Starting service [Tomcat]
2019-06-21 10:25:10 INFO  o.a.catalina.core.StandardEngine - Starting Servlet Engine: Apache Tomcat/9.0.13
2019-06-21 10:25:10 INFO  o.a.c.core.AprLifecycleListener - The APR based Apache Tomcat Native library which allows optimal performance in production environments was not found on the java.library.path: [/usr/java/packages/lib/amd64:/usr/lib/x86_64-linux-gnu/jni:/lib/x86_64-linux-gnu:/usr/lib/x86_64-linux-gnu:/usr/lib/jni:/lib:/usr/lib]
2019-06-21 10:25:10 INFO  o.a.c.c.C.[Tomcat].[localhost].[/] - Initializing Spring embedded WebApplicationContext
2019-06-21 10:25:10 INFO  o.s.web.context.ContextLoader - Root WebApplicationContext: initialization completed in 2168 ms
2019-06-21 10:25:10 INFO  com.zaxxer.hikari.HikariDataSource - HikariPool-1 - Starting...
2019-06-21 10:25:10 WARN  c.z.hikari.util.DriverDataSource - Registered driver with driverClassName=com.mysql.jdbc.Driver was not found, trying direct instantiation.
2019-06-21 10:25:12 INFO  com.zaxxer.hikari.HikariDataSource - HikariPool-1 - Start completed.
2019-06-21 10:25:12 INFO  o.h.jpa.internal.util.LogHelper - HHH000204: Processing PersistenceUnitInfo [
	name: default
	...]
2019-06-21 10:25:12 INFO  org.hibernate.Version - HHH000412: Hibernate Core {5.3.7.Final}
2019-06-21 10:25:12 INFO  org.hibernate.cfg.Environment - HHH000206: hibernate.properties not found
2019-06-21 10:25:13 INFO  o.h.annotations.common.Version - HCANN000001: Hibernate Commons Annotations {5.0.4.Final}
2019-06-21 10:25:13 INFO  org.hibernate.dialect.Dialect - HHH000400: Using dialect: org.hibernate.dialect.MySQL5InnoDBDialect
2019-06-21 10:25:13 INFO  o.h.e.j.e.i.LobCreatorBuilderImpl - HHH000421: Disabling contextual LOB creation as hibernate.jdbc.lob.non_contextual_creation is true
2019-06-21 10:25:18 INFO  o.s.o.j.LocalContainerEntityManagerFactoryBean - Initialized JPA EntityManagerFactory for persistence unit 'default'
2019-06-21 10:25:18 WARN  o.s.s.o.p.t.s.JwtAccessTokenConverter - Unable to create an RSA verifier from verifierKey (ignoreable if using MAC)
2019-06-21 10:25:19 INFO  o.s.s.web.DefaultSecurityFilterChain - Creating filter chain: OrRequestMatcher [requestMatchers=[Ant [pattern='/oauth/token'], Ant [pattern='/oauth/token_key'], Ant [pattern='/oauth/check_token']]], [org.springframework.security.web.context.request.async.WebAsyncManagerIntegrationFilter@6fef75c6, org.springframework.security.web.context.SecurityContextPersistenceFilter@44ccd75c, org.springframework.security.web.header.HeaderWriterFilter@21733cbe, org.springframework.security.web.authentication.logout.LogoutFilter@632241f5, org.springframework.security.web.authentication.www.BasicAuthenticationFilter@7d3bf8db, org.springframework.security.web.savedrequest.RequestCacheAwareFilter@2120bed, org.springframework.security.web.servletapi.SecurityContextHolderAwareRequestFilter@1ffd0114, org.springframework.security.web.authentication.AnonymousAuthenticationFilter@5f61e002, org.springframework.security.web.session.SessionManagementFilter@22b82ddf, org.springframework.security.web.access.ExceptionTranslationFilter@750cd36d, org.springframework.security.web.access.intercept.FilterSecurityInterceptor@7103745]
2019-06-21 10:25:19 INFO  o.s.s.web.DefaultSecurityFilterChain - Creating filter chain: org.springframework.security.oauth2.config.annotation.web.configuration.ResourceServerConfiguration$NotOAuthRequestMatcher@4cecc15a, [org.springframework.security.web.context.request.async.WebAsyncManagerIntegrationFilter@d969452, org.springframework.security.web.context.SecurityContextPersistenceFilter@1934339, org.springframework.security.web.header.HeaderWriterFilter@6987a133, org.springframework.security.web.authentication.logout.LogoutFilter@72eed547, org.springframework.security.oauth2.provider.authentication.OAuth2AuthenticationProcessingFilter@d0b814d, org.springframework.security.web.savedrequest.RequestCacheAwareFilter@4af12a63, org.springframework.security.web.servletapi.SecurityContextHolderAwareRequestFilter@1eab8437, org.springframework.security.web.session.SessionManagementFilter@50778bde, org.springframework.security.web.access.ExceptionTranslationFilter@2fac80a8, org.springframework.security.web.access.intercept.FilterSecurityInterceptor@505d2bac]
2019-06-21 10:25:19 INFO  o.s.s.web.DefaultSecurityFilterChain - Creating filter chain: any request, [org.springframework.security.web.context.request.async.WebAsyncManagerIntegrationFilter@6fd1ea75, org.springframework.security.web.context.SecurityContextPersistenceFilter@446c8c72, org.springframework.security.web.header.HeaderWriterFilter@14ed7ddf, org.springframework.security.web.authentication.logout.LogoutFilter@ca546a1, org.springframework.security.web.savedrequest.RequestCacheAwareFilter@6e2eead5, org.springframework.security.web.servletapi.SecurityContextHolderAwareRequestFilter@11d2714a, org.springframework.security.web.session.SessionManagementFilter@892af0e, org.springframework.security.web.access.ExceptionTranslationFilter@45dde6ac, org.springframework.security.web.access.intercept.FilterSecurityInterceptor@1187dc82]
2019-06-21 10:25:19 INFO  o.s.s.c.ThreadPoolTaskExecutor - Initializing ExecutorService 'applicationTaskExecutor'
2019-06-21 10:25:19 WARN  o.s.b.a.o.j.JpaBaseConfiguration$JpaWebConfiguration$JpaWebMvcConfiguration - spring.jpa.open-in-view is enabled by default. Therefore, database queries may be performed during view rendering. Explicitly configure spring.jpa.open-in-view to disable this warning
2019-06-21 10:25:19 INFO  o.a.coyote.http11.Http11NioProtocol - Starting ProtocolHandler ["http-nio-8080"]
2019-06-21 10:25:19 INFO  o.a.tomcat.util.net.NioSelectorPool - Using a shared selector for servlet write/read
2019-06-21 10:25:19 INFO  o.s.b.w.e.tomcat.TomcatWebServer - Tomcat started on port(s): 8080 (http) with context path ''
2019-06-21 10:25:19 INFO  c.d.r.RoleBasedOauth2Application - Started RoleBasedOauth2Application in 12.216 seconds (JVM running for 13.198)
2019-06-21 10:29:39 INFO  o.a.c.c.C.[Tomcat].[localhost].[/] - Initializing Spring DispatcherServlet 'dispatcherServlet'
2019-06-21 10:29:39 INFO  o.s.web.servlet.DispatcherServlet - Initializing Servlet 'dispatcherServlet'
2019-06-21 10:29:39 INFO  o.s.web.servlet.DispatcherServlet - Completed initialization in 10 ms
2019-06-21 10:43:21 INFO  o.s.b.a.SpringApplicationAdminMXBeanRegistrar$SpringApplicationAdmin - Application shutdown requested.
2019-06-21 10:43:21 INFO  o.s.s.c.ThreadPoolTaskExecutor - Shutting down ExecutorService 'applicationTaskExecutor'
2019-06-21 10:43:21 INFO  o.s.o.j.LocalContainerEntityManagerFactoryBean - Closing JPA EntityManagerFactory for persistence unit 'default'
2019-06-21 10:43:21 INFO  com.zaxxer.hikari.HikariDataSource - HikariPool-1 - Shutdown initiated...
2019-06-21 10:43:21 INFO  com.zaxxer.hikari.HikariDataSource - HikariPool-1 - Shutdown completed.
